# JRE version: OpenJDK Runtime Environment (11.0.13) (build 11.0.13+0-b1751.21-8125866)
# Java VM: OpenJDK 64-Bit Server VM (11.0.13+0-b1751.21-8125866, mixed mode, tiered, compressed oops, g1 gc, windows-amd64)
Heap:
 garbage-first heap   total 260096K, used 136405K [0x0000000080000000, 0x0000000100000000)
  region size 1024K, 78 young (79872K), 16 survivors (16384K)
 Metaspace       used 86181K, capacity 88317K, committed 88528K, reserved 1126400K
  class space    used 11054K, capacity 11889K, committed 11904K, reserved 1048576K
GC Heap History (20 events):
Event: 0.721 GC heap before
{Heap before GC invocations=0 (full 0):
 garbage-first heap   total 260096K, used 30720K [0x0000000080000000, 0x0000000100000000)
  region size 1024K, 24 young (24576K), 0 survivors (0K)
 Metaspace       used 10126K, capacity 10339K, committed 10624K, reserved 1058816K
  class space    used 1036K, capacity 1106K, committed 1152K, reserved 1048576K
}
Event: 0.724 GC heap after
{Heap after GC invocations=1 (full 0):
 garbage-first heap   total 260096K, used 9403K [0x0000000080000000, 0x0000000100000000)
  region size 1024K, 3 young (3072K), 3 survivors (3072K)
 Metaspace       used 10126K, capacity 10339K, committed 10624K, reserved 1058816K
  class space    used 1036K, capacity 1106K, committed 1152K, reserved 1048576K
}
Event: 4.068 GC heap before
{Heap before GC invocations=1 (full 0):
 garbage-first heap   total 260096K, used 113851K [0x0000000080000000, 0x0000000100000000)
  region size 1024K, 106 young (108544K), 3 survivors (3072K)
 Metaspace       used 20790K, capacity 21193K, committed 21296K, reserved 1069056K
  class space    used 2530K, capacity 2684K, committed 2688K, reserved 1048576K
}
Event: 4.083 GC heap after
{Heap after GC invocations=2 (full 0):
 garbage-first heap   total 260096K, used 16975K [0x0000000080000000, 0x0000000100000000)
  region size 1024K, 11 young (11264K), 11 survivors (11264K)
 Metaspace       used 20790K, capacity 21193K, committed 21296K, reserved 1069056K
  class space    used 2530K, capacity 2684K, committed 2688K, reserved 1048576K
}
Event: 5.371 GC heap before
{Heap before GC invocations=3 (full 0):
 garbage-first heap   total 260096K, used 82511K [0x0000000080000000, 0x0000000100000000)
  region size 1024K, 76 young (77824K), 11 survivors (11264K)
 Metaspace       used 27304K, capacity 27941K, committed 28080K, reserved 1073152K
  class space    used 3548K, capacity 3774K, committed 3840K, reserved 1048576K
}
Event: 5.379 GC heap after
{Heap after GC invocations=4 (full 0):
 garbage-first heap   total 260096K, used 19555K [0x0000000080000000, 0x0000000100000000)
  region size 1024K, 3 young (3072K), 3 survivors (3072K)
 Metaspace       used 27304K, capacity 27941K, committed 28080K, reserved 1073152K
  class space    used 3548K, capacity 3774K, committed 3840K, reserved 1048576K
}
Event: 6.365 GC heap before
{Heap before GC invocations=4 (full 0):
 garbage-first heap   total 260096K, used 68707K [0x0000000080000000, 0x0000000100000000)
  region size 1024K, 52 young (53248K), 3 survivors (3072K)
 Metaspace       used 35043K, capacity 35763K, committed 35920K, reserved 1081344K
  class space    used 4498K, capacity 4788K, committed 4864K, reserved 1048576K
}
Event: 6.376 GC heap after
{Heap after GC invocations=5 (full 0):
 garbage-first heap   total 260096K, used 22247K [0x0000000080000000, 0x0000000100000000)
  region size 1024K, 6 young (6144K), 6 survivors (6144K)
 Metaspace       used 35043K, capacity 35763K, committed 35920K, reserved 1081344K
  class space    used 4498K, capacity 4788K, committed 4864K, reserved 1048576K
}
Event: 8.595 GC heap before
{Heap before GC invocations=6 (full 0):
 garbage-first heap   total 260096K, used 143079K [0x0000000080000000, 0x0000000100000000)
  region size 1024K, 121 young (123904K), 6 survivors (6144K)
 Metaspace       used 44823K, capacity 45858K, committed 46160K, reserved 1089536K
  class space    used 5667K, capacity 6071K, committed 6144K, reserved 1048576K
}
Event: 8.606 GC heap after
{Heap after GC invocations=7 (full 0):
 garbage-first heap   total 260096K, used 29802K [0x0000000080000000, 0x0000000100000000)
  region size 1024K, 13 young (13312K), 13 survivors (13312K)
 Metaspace       used 44823K, capacity 45858K, committed 46160K, reserved 1089536K
  class space    used 5667K, capacity 6071K, committed 6144K, reserved 1048576K
}
Event: 10.800 GC heap before
{Heap before GC invocations=7 (full 0):
 garbage-first heap   total 260096K, used 165994K [0x0000000080000000, 0x0000000100000000)
  region size 1024K, 142 young (145408K), 13 survivors (13312K)
 Metaspace       used 53262K, capacity 54708K, committed 54736K, reserved 1097728K
  class space    used 6736K, capacity 7281K, committed 7296K, reserved 1048576K
}
Event: 10.813 GC heap after
{Heap after GC invocations=8 (full 0):
 garbage-first heap   total 260096K, used 44449K [0x0000000080000000, 0x0000000100000000)
  region size 1024K, 18 young (18432K), 18 survivors (18432K)
 Metaspace       used 53262K, capacity 54708K, committed 54736K, reserved 1097728K
  class space    used 6736K, capacity 7281K, committed 7296K, reserved 1048576K
}
Event: 11.538 GC heap before
{Heap before GC invocations=8 (full 0):
 garbage-first heap   total 260096K, used 83361K [0x0000000080000000, 0x0000000100000000)
  region size 1024K, 57 young (58368K), 18 survivors (18432K)
 Metaspace       used 58789K, capacity 60217K, committed 60240K, reserved 1101824K
  class space    used 7379K, capacity 7920K, committed 7936K, reserved 1048576K
}
Event: 11.561 GC heap after
{Heap after GC invocations=9 (full 0):
 garbage-first heap   total 260096K, used 47450K [0x0000000080000000, 0x0000000100000000)
  region size 1024K, 4 young (4096K), 4 survivors (4096K)
 Metaspace       used 58789K, capacity 60217K, committed 60240K, reserved 1101824K
  class space    used 7379K, capacity 7920K, committed 7936K, reserved 1048576K
}
Event: 13.162 GC heap before
{Heap before GC invocations=10 (full 0):
 garbage-first heap   total 260096K, used 175450K [0x0000000080000000, 0x0000000100000000)
  region size 1024K, 122 young (124928K), 4 survivors (4096K)
 Metaspace       used 66452K, capacity 68062K, committed 68304K, reserved 1107968K
  class space    used 8363K, capacity 8983K, committed 9088K, reserved 1048576K
}
Event: 13.172 GC heap after
{Heap after GC invocations=11 (full 0):
 garbage-first heap   total 260096K, used 55286K [0x0000000080000000, 0x0000000100000000)
  region size 1024K, 11 young (11264K), 11 survivors (11264K)
 Metaspace       used 66452K, capacity 68062K, committed 68304K, reserved 1107968K
  class space    used 8363K, capacity 8983K, committed 9088K, reserved 1048576K
}
Event: 16.142 GC heap before
{Heap before GC invocations=11 (full 0):
 garbage-first heap   total 260096K, used 177142K [0x0000000080000000, 0x0000000100000000)
  region size 1024K, 130 young (133120K), 11 survivors (11264K)
 Metaspace       used 78020K, capacity 79794K, committed 80080K, reserved 1118208K
  class space    used 10098K, capacity 10796K, committed 10880K, reserved 1048576K
}
Event: 16.154 GC heap after
{Heap after GC invocations=12 (full 0):
 garbage-first heap   total 260096K, used 62816K [0x0000000080000000, 0x0000000100000000)
  region size 1024K, 8 young (8192K), 8 survivors (8192K)
 Metaspace       used 78020K, capacity 79794K, committed 80080K, reserved 1118208K
  class space    used 10098K, capacity 10796K, committed 10880K, reserved 1048576K
}
Event: 18.709 GC heap before
{Heap before GC invocations=12 (full 0):
 garbage-first heap   total 260096K, used 183648K [0x0000000080000000, 0x0000000100000000)
  region size 1024K, 127 young (130048K), 8 survivors (8192K)
 Metaspace       used 85543K, capacity 87699K, committed 88016K, reserved 1126400K
  class space    used 11016K, capacity 11833K, committed 11904K, reserved 1048576K
}
Event: 18.725 GC heap after
{Heap after GC invocations=13 (full 0):
 garbage-first heap   total 260096K, used 74965K [0x0000000080000000, 0x0000000100000000)
  region size 1024K, 16 young (16384K), 16 survivors (16384K)
 Metaspace       used 85543K, capacity 87699K, committed 88016K, reserved 1126400K
  class space    used 11016K, capacity 11833K, committed 11904K, reserved 1048576K
}

